# JRE version: Java(TM) SE Runtime Environment (8.0_211-b12) (build 1.8.0_211-b12)
# Java VM: Java HotSpot(TM) 64-Bit Server VM (25.211-b12 mixed mode windows-amd64 compressed oops)
Heap:
 PSYoungGen      total 69632K, used 31682K [0x00000000eb000000, 0x00000000f1800000, 0x0000000100000000)
  eden space 43520K, 67% used [0x00000000eb000000,0x00000000ecc8ed10,0x00000000eda80000)
  from space 26112K, 9% used [0x00000000eda80000,0x00000000edce1eb8,0x00000000ef400000)
  to   space 26112K, 0% used [0x00000000efe80000,0x00000000efe80000,0x00000000f1800000)
 ParOldGen       total 95744K, used 50901K [0x00000000c1000000, 0x00000000c6d80000, 0x00000000eb000000)
  object space 95744K, 53% used [0x00000000c1000000,0x00000000c41b5578,0x00000000c6d80000)
 Metaspace       used 29928K, capacity 31690K, committed 32000K, reserved 1077248K
  class space    used 3912K, capacity 4252K, committed 4352K, reserved 1048576K
GC Heap History (10 events):
Event: 13.749 GC heap before
{Heap before GC invocations=9 (full 1):
 PSYoungGen      total 39936K, used 36860K [0x00000000eb000000, 0x00000000eed00000, 0x0000000100000000)
  eden space 30208K, 100% used [0x00000000eb000000,0x00000000ecd80000,0x00000000ecd80000)
  from space 9728K, 68% used [0x00000000ecd80000,0x00000000ed3ff1d0,0x00000000ed700000)
  to   space 9728K, 0% used [0x00000000ee380000,0x00000000ee380000,0x00000000eed00000)
 ParOldGen       total 47104K, used 15382K [0x00000000c1000000, 0x00000000c3e00000, 0x00000000eb000000)
  object space 47104K, 32% used [0x00000000c1000000,0x00000000c1f05838,0x00000000c3e00000)
 Metaspace       used 24731K, capacity 25838K, committed 25984K, reserved 1071104K
  class space    used 3362K, capacity 3616K, committed 3712K, reserved 1048576K
Event: 13.762 GC heap after
Heap after GC invocations=9 (full 1):
 PSYoungGen      total 48640K, used 9712K [0x00000000eb000000, 0x00000000ef780000, 0x0000000100000000)
  eden space 38912K, 0% used [0x00000000eb000000,0x00000000eb000000,0x00000000ed600000)
  from space 9728K, 99% used [0x00000000ee380000,0x00000000eecfc2d0,0x00000000eed00000)
  to   space 13824K, 0% used [0x00000000ed600000,0x00000000ed600000,0x00000000ee380000)
 ParOldGen       total 47104K, used 22187K [0x00000000c1000000, 0x00000000c3e00000, 0x00000000eb000000)
  object space 47104K, 47% used [0x00000000c1000000,0x00000000c25aade8,0x00000000c3e00000)
 Metaspace       used 24731K, capacity 25838K, committed 25984K, reserved 1071104K
  class space    used 3362K, capacity 3616K, committed 3712K, reserved 1048576K
}
Event: 19.584 GC heap before
{Heap before GC invocations=10 (full 1):
 PSYoungGen      total 48640K, used 48624K [0x00000000eb000000, 0x00000000ef780000, 0x0000000100000000)
  eden space 38912K, 100% used [0x00000000eb000000,0x00000000ed600000,0x00000000ed600000)
  from space 9728K, 99% used [0x00000000ee380000,0x00000000eecfc2d0,0x00000000eed00000)
  to   space 13824K, 0% used [0x00000000ed600000,0x00000000ed600000,0x00000000ee380000)
 ParOldGen       total 47104K, used 22187K [0x00000000c1000000, 0x00000000c3e00000, 0x00000000eb000000)
  object space 47104K, 47% used [0x00000000c1000000,0x00000000c25aade8,0x00000000c3e00000)
 Metaspace       used 28492K, capacity 30104K, committed 30336K, reserved 1075200K
  class space    used 3814K, capacity 4113K, committed 4224K, reserved 1048576K
Event: 19.603 GC heap after
Heap after GC invocations=10 (full 1):
 PSYoungGen      total 52736K, used 13816K [0x00000000eb000000, 0x00000000f0780000, 0x0000000100000000)
  eden space 38912K, 0% used [0x00000000eb000000,0x00000000eb000000,0x00000000ed600000)
  from space 13824K, 99% used [0x00000000ed600000,0x00000000ee37e238,0x00000000ee380000)
  to   space 19968K, 0% used [0x00000000ef400000,0x00000000ef400000,0x00000000f0780000)
 ParOldGen       total 47104K, used 32583K [0x00000000c1000000, 0x00000000c3e00000, 0x00000000eb000000)
  object space 47104K, 69% used [0x00000000c1000000,0x00000000c2fd1f08,0x00000000c3e00000)
 Metaspace       used 28492K, capacity 30104K, committed 30336K, reserved 1075200K
  class space    used 3814K, capacity 4113K, committed 4224K, reserved 1048576K
}
Event: 27.612 GC heap before
{Heap before GC invocations=11 (full 1):
 PSYoungGen      total 52736K, used 49165K [0x00000000eb000000, 0x00000000f0780000, 0x0000000100000000)
  eden space 38912K, 90% used [0x00000000eb000000,0x00000000ed285218,0x00000000ed600000)
  from space 13824K, 99% used [0x00000000ed600000,0x00000000ee37e238,0x00000000ee380000)
  to   space 19968K, 0% used [0x00000000ef400000,0x00000000ef400000,0x00000000f0780000)
 ParOldGen       total 47104K, used 32583K [0x00000000c1000000, 0x00000000c3e00000, 0x00000000eb000000)
  object space 47104K, 69% used [0x00000000c1000000,0x00000000c2fd1f08,0x00000000c3e00000)
 Metaspace       used 29391K, capacity 31118K, committed 31232K, reserved 1077248K
  class space    used 3905K, capacity 4244K, committed 4352K, reserved 1048576K
Event: 27.639 GC heap after
Heap after GC invocations=11 (full 1):
 PSYoungGen      total 63488K, used 19939K [0x00000000eb000000, 0x00000000f1280000, 0x0000000100000000)
  eden space 43520K, 0% used [0x00000000eb000000,0x00000000eb000000,0x00000000eda80000)
  from space 19968K, 99% used [0x00000000ef400000,0x00000000f0778ee0,0x00000000f0780000)
  to   space 26112K, 0% used [0x00000000eda80000,0x00000000eda80000,0x00000000ef400000)
 ParOldGen       total 47104K, used 40306K [0x00000000c1000000, 0x00000000c3e00000, 0x00000000eb000000)
  object space 47104K, 85% used [0x00000000c1000000,0x00000000c375c898,0x00000000c3e00000)
 Metaspace       used 29391K, capacity 31118K, committed 31232K, reserved 1077248K
  class space    used 3905K, capacity 4244K, committed 4352K, reserved 1048576K
}
Event: 27.639 GC heap before
{Heap before GC invocations=12 (full 2):
 PSYoungGen      total 63488K, used 19939K [0x00000000eb000000, 0x00000000f1280000, 0x0000000100000000)
  eden space 43520K, 0% used [0x00000000eb000000,0x00000000eb000000,0x00000000eda80000)
  from space 19968K, 99% used [0x00000000ef400000,0x00000000f0778ee0,0x00000000f0780000)
  to   space 26112K, 0% used [0x00000000eda80000,0x00000000eda80000,0x00000000ef400000)
 ParOldGen       total 47104K, used 40306K [0x00000000c1000000, 0x00000000c3e00000, 0x00000000eb000000)
  object space 47104K, 85% used [0x00000000c1000000,0x00000000c375c898,0x00000000c3e00000)
 Metaspace       used 29391K, capacity 31118K, committed 31232K, reserved 1077248K
  class space    used 3905K, capacity 4244K, committed 4352K, reserved 1048576K
Event: 27.820 GC heap after
Heap after GC invocations=12 (full 2):
 PSYoungGen      total 63488K, used 4084K [0x00000000eb000000, 0x00000000f1280000, 0x0000000100000000)
  eden space 43520K, 0% used [0x00000000eb000000,0x00000000eb000000,0x00000000eda80000)
  from space 19968K, 20% used [0x00000000ef400000,0x00000000ef7fd378,0x00000000f0780000)
  to   space 26112K, 0% used [0x00000000eda80000,0x00000000eda80000,0x00000000ef400000)
 ParOldGen       total 95744K, used 46780K [0x00000000c1000000, 0x00000000c6d80000, 0x00000000eb000000)
  object space 95744K, 48% used [0x00000000c1000000,0x00000000c3daf128,0x00000000c6d80000)
 Metaspace       used 29391K, capacity 31118K, committed 31232K, reserved 1077248K
  class space    used 3905K, capacity 4244K, committed 4352K, reserved 1048576K
}
Event: 38.458 GC heap before
{Heap before GC invocations=13 (full 2):
 PSYoungGen      total 63488K, used 47604K [0x00000000eb000000, 0x00000000f1280000, 0x0000000100000000)
  eden space 43520K, 100% used [0x00000000eb000000,0x00000000eda80000,0x00000000eda80000)
  from space 19968K, 20% used [0x00000000ef400000,0x00000000ef7fd378,0x00000000f0780000)
  to   space 26112K, 0% used [0x00000000eda80000,0x00000000eda80000,0x00000000ef400000)
 ParOldGen       total 95744K, used 46780K [0x00000000c1000000, 0x00000000c6d80000, 0x00000000eb000000)
  object space 95744K, 48% used [0x00000000c1000000,0x00000000c3daf128,0x00000000c6d80000)
 Metaspace       used 29667K, capacity 31374K, committed 31488K, reserved 1077248K
  class space    used 3908K, capacity 4244K, committed 4352K, reserved 1048576K
Event: 38.472 GC heap after
Heap after GC invocations=13 (full 2):
 PSYoungGen      total 69632K, used 2439K [0x00000000eb000000, 0x00000000f1800000, 0x0000000100000000)
  eden space 43520K, 0% used [0x00000000eb000000,0x00000000eb000000,0x00000000eda80000)
  from space 26112K, 9% used [0x00000000eda80000,0x00000000edce1eb8,0x00000000ef400000)
  to   space 26112K, 0% used [0x00000000efe80000,0x00000000efe80000,0x00000000f1800000)
 ParOldGen       total 95744K, used 50901K [0x00000000c1000000, 0x00000000c6d80000, 0x00000000eb000000)
  object space 95744K, 53% used [0x00000000c1000000,0x00000000c41b5578,0x00000000c6d80000)
 Metaspace       used 29667K, capacity 31374K, committed 31488K, reserved 1077248K
  class space    used 3908K, capacity 4244K, committed 4352K, reserved 1048576K
}

