# JRE version: Java(TM) SE Runtime Environment (8.0_211-b12) (build 1.8.0_211-b12)
# Java VM: Java HotSpot(TM) 64-Bit Server VM (25.211-b12 mixed mode windows-amd64 compressed oops)
Heap:
 PSYoungGen      total 76800K, used 14445K [0x00000000eb000000, 0x00000000f4c00000, 0x0000000100000000)
  eden space 65536K, 22% used [0x00000000eb000000,0x00000000ebe1b588,0x00000000ef000000)
  from space 11264K, 0% used [0x00000000ef000000,0x00000000ef000000,0x00000000efb00000)
  to   space 22016K, 0% used [0x00000000f3680000,0x00000000f3680000,0x00000000f4c00000)
 ParOldGen       total 89600K, used 47519K [0x00000000c1000000, 0x00000000c6780000, 0x00000000eb000000)
  object space 89600K, 53% used [0x00000000c1000000,0x00000000c3e67c38,0x00000000c6780000)
 Metaspace       used 27188K, capacity 28814K, committed 28928K, reserved 1075200K
  class space    used 3700K, capacity 4012K, committed 4096K, reserved 1048576K
GC Heap History (10 events):
Event: 6.453 GC heap before
{Heap before GC invocations=5 (full 0):
 PSYoungGen      total 35328K, used 35312K [0x00000000eb000000, 0x00000000ed500000, 0x0000000100000000)
  eden space 32768K, 100% used [0x00000000eb000000,0x00000000ed000000,0x00000000ed000000)
  from space 2560K, 99% used [0x00000000ed280000,0x00000000ed4fc020,0x00000000ed500000)
  to   space 2560K, 0% used [0x00000000ed000000,0x00000000ed000000,0x00000000ed280000)
 ParOldGen       total 44032K, used 15211K [0x00000000c1000000, 0x00000000c3b00000, 0x00000000eb000000)
  object space 44032K, 34% used [0x00000000c1000000,0x00000000c1edae18,0x00000000c3b00000)
 Metaspace       used 17854K, capacity 18514K, committed 18816K, reserved 1064960K
  class space    used 2399K, capacity 2580K, committed 2688K, reserved 1048576K
Event: 6.459 GC heap after
Heap after GC invocations=5 (full 0):
 PSYoungGen      total 35328K, used 2544K [0x00000000eb000000, 0x00000000f0800000, 0x0000000100000000)
  eden space 32768K, 0% used [0x00000000eb000000,0x00000000eb000000,0x00000000ed000000)
  from space 2560K, 99% used [0x00000000ed000000,0x00000000ed27c020,0x00000000ed280000)
  to   space 12288K, 0% used [0x00000000efc00000,0x00000000efc00000,0x00000000f0800000)
 ParOldGen       total 44032K, used 15354K [0x00000000c1000000, 0x00000000c3b00000, 0x00000000eb000000)
  object space 44032K, 34% used [0x00000000c1000000,0x00000000c1efe8a0,0x00000000c3b00000)
 Metaspace       used 17854K, capacity 18514K, committed 18816K, reserved 1064960K
  class space    used 2399K, capacity 2580K, committed 2688K, reserved 1048576K
}
Event: 8.079 GC heap before
{Heap before GC invocations=6 (full 0):
 PSYoungGen      total 35328K, used 14637K [0x00000000eb000000, 0x00000000f0800000, 0x0000000100000000)
  eden space 32768K, 36% used [0x00000000eb000000,0x00000000ebbcf7d8,0x00000000ed000000)
  from space 2560K, 99% used [0x00000000ed000000,0x00000000ed27c020,0x00000000ed280000)
  to   space 12288K, 0% used [0x00000000efc00000,0x00000000efc00000,0x00000000f0800000)
 ParOldGen       total 44032K, used 15354K [0x00000000c1000000, 0x00000000c3b00000, 0x00000000eb000000)
  object space 44032K, 34% used [0x00000000c1000000,0x00000000c1efe8a0,0x00000000c3b00000)
 Metaspace       used 20422K, capacity 21182K, committed 21248K, reserved 1067008K
  class space    used 2820K, capacity 3034K, committed 3072K, reserved 1048576K
Event: 8.086 GC heap after
Heap after GC invocations=6 (full 0):
 PSYoungGen      total 75776K, used 6038K [0x00000000eb000000, 0x00000000f0600000, 0x0000000100000000)
  eden space 65536K, 0% used [0x00000000eb000000,0x00000000eb000000,0x00000000ef000000)
  from space 10240K, 58% used [0x00000000efc00000,0x00000000f01e5bd8,0x00000000f0600000)
  to   space 11264K, 0% used [0x00000000ef000000,0x00000000ef000000,0x00000000efb00000)
 ParOldGen       total 44032K, used 15362K [0x00000000c1000000, 0x00000000c3b00000, 0x00000000eb000000)
  object space 44032K, 34% used [0x00000000c1000000,0x00000000c1f008a0,0x00000000c3b00000)
 Metaspace       used 20422K, capacity 21182K, committed 21248K, reserved 1067008K
  class space    used 2820K, capacity 3034K, committed 3072K, reserved 1048576K
}
Event: 8.086 GC heap before
{Heap before GC invocations=7 (full 1):
 PSYoungGen      total 75776K, used 6038K [0x00000000eb000000, 0x00000000f0600000, 0x0000000100000000)
  eden space 65536K, 0% used [0x00000000eb000000,0x00000000eb000000,0x00000000ef000000)
  from space 10240K, 58% used [0x00000000efc00000,0x00000000f01e5bd8,0x00000000f0600000)
  to   space 11264K, 0% used [0x00000000ef000000,0x00000000ef000000,0x00000000efb00000)
 ParOldGen       total 44032K, used 15362K [0x00000000c1000000, 0x00000000c3b00000, 0x00000000eb000000)
  object space 44032K, 34% used [0x00000000c1000000,0x00000000c1f008a0,0x00000000c3b00000)
 Metaspace       used 20422K, capacity 21182K, committed 21248K, reserved 1067008K
  class space    used 2820K, capacity 3034K, committed 3072K, reserved 1048576K
Event: 8.138 GC heap after
Heap after GC invocations=7 (full 1):
 PSYoungGen      total 75776K, used 0K [0x00000000eb000000, 0x00000000f0600000, 0x0000000100000000)
  eden space 65536K, 0% used [0x00000000eb000000,0x00000000eb000000,0x00000000ef000000)
  from space 10240K, 0% used [0x00000000efc00000,0x00000000efc00000,0x00000000f0600000)
  to   space 11264K, 0% used [0x00000000ef000000,0x00000000ef000000,0x00000000efb00000)
 ParOldGen       total 50176K, used 21139K [0x00000000c1000000, 0x00000000c4100000, 0x00000000eb000000)
  object space 50176K, 42% used [0x00000000c1000000,0x00000000c24a4d48,0x00000000c4100000)
 Metaspace       used 20422K, capacity 21182K, committed 21248K, reserved 1067008K
  class space    used 2820K, capacity 3034K, committed 3072K, reserved 1048576K
}
Event: 21.000 GC heap before
{Heap before GC invocations=8 (full 1):
 PSYoungGen      total 75776K, used 65536K [0x00000000eb000000, 0x00000000f0600000, 0x0000000100000000)
  eden space 65536K, 100% used [0x00000000eb000000,0x00000000ef000000,0x00000000ef000000)
  from space 10240K, 0% used [0x00000000efc00000,0x00000000efc00000,0x00000000f0600000)
  to   space 11264K, 0% used [0x00000000ef000000,0x00000000ef000000,0x00000000efb00000)
 ParOldGen       total 50176K, used 21139K [0x00000000c1000000, 0x00000000c4100000, 0x00000000eb000000)
  object space 50176K, 42% used [0x00000000c1000000,0x00000000c24a4d48,0x00000000c4100000)
 Metaspace       used 27000K, capacity 28654K, committed 28928K, reserved 1075200K
  class space    used 3685K, capacity 3980K, committed 4096K, reserved 1048576K
Event: 21.024 GC heap after
Heap after GC invocations=8 (full 1):
 PSYoungGen      total 76800K, used 11248K [0x00000000eb000000, 0x00000000f4c00000, 0x0000000100000000)
  eden space 65536K, 0% used [0x00000000eb000000,0x00000000eb000000,0x00000000ef000000)
  from space 11264K, 99% used [0x00000000ef000000,0x00000000efafc280,0x00000000efb00000)
  to   space 22016K, 0% used [0x00000000f3680000,0x00000000f3680000,0x00000000f4c00000)
 ParOldGen       total 50176K, used 38367K [0x00000000c1000000, 0x00000000c4100000, 0x00000000eb000000)
  object space 50176K, 76% used [0x00000000c1000000,0x00000000c3577c38,0x00000000c4100000)
 Metaspace       used 27000K, capacity 28654K, committed 28928K, reserved 1075200K
  class space    used 3685K, capacity 3980K, committed 4096K, reserved 1048576K
}
Event: 21.024 GC heap before
{Heap before GC invocations=9 (full 2):
 PSYoungGen      total 76800K, used 11248K [0x00000000eb000000, 0x00000000f4c00000, 0x0000000100000000)
  eden space 65536K, 0% used [0x00000000eb000000,0x00000000eb000000,0x00000000ef000000)
  from space 11264K, 99% used [0x00000000ef000000,0x00000000efafc280,0x00000000efb00000)
  to   space 22016K, 0% used [0x00000000f3680000,0x00000000f3680000,0x00000000f4c00000)
 ParOldGen       total 50176K, used 38367K [0x00000000c1000000, 0x00000000c4100000, 0x00000000eb000000)
  object space 50176K, 76% used [0x00000000c1000000,0x00000000c3577c38,0x00000000c4100000)
 Metaspace       used 27000K, capacity 28654K, committed 28928K, reserved 1075200K
  class space    used 3685K, capacity 3980K, committed 4096K, reserved 1048576K
Event: 21.149 GC heap after
Heap after GC invocations=9 (full 2):
 PSYoungGen      total 76800K, used 0K [0x00000000eb000000, 0x00000000f4c00000, 0x0000000100000000)
  eden space 65536K, 0% used [0x00000000eb000000,0x00000000eb000000,0x00000000ef000000)
  from space 11264K, 0% used [0x00000000ef000000,0x00000000ef000000,0x00000000efb00000)
  to   space 22016K, 0% used [0x00000000f3680000,0x00000000f3680000,0x00000000f4c00000)
 ParOldGen       total 89600K, used 47519K [0x00000000c1000000, 0x00000000c6780000, 0x00000000eb000000)
  object space 89600K, 53% used [0x00000000c1000000,0x00000000c3e67c38,0x00000000c6780000)
 Metaspace       used 27000K, capacity 28654K, committed 28928K, reserved 1075200K
  class space    used 3685K, capacity 3980K, committed 4096K, reserved 1048576K
}

